<?xml version="1.0" encoding="UTF-8"?>
<!-- Generated by org.testng.reporters.JUnitXMLReporter -->
<testsuite ignored="0" hostname="DESKTOP-1L8REDS" failures="0" tests="14" name="Surefire test" time="38.644" errors="0" timestamp="2024-12-26T18:30:43 IST">
  <testcase classname="cloudinspot.cloudinspotfunctionalautomation.SeleniumTest" name="@AfterMethod end" time="0.017">
    <failure type="org.openqa.selenium.WebDriverException" message="disconnected: not connected to DevTools
  (failed to check if window was closed: disconnected: not connected to DevTools)
  (Session info: chrome=131.0.6778.205)
Build info: version: &amp;apos;4.20.0&amp;apos;, revision: &amp;apos;866c76ca80&amp;apos;
System info: os.name: &amp;apos;Windows 10&amp;apos;, os.arch: &amp;apos;amd64&amp;apos;, os.version: &amp;apos;10.0&amp;apos;, java.version: &amp;apos;21.0.2&amp;apos;
Driver info: org.openqa.selenium.chrome.ChromeDriver
Command: [0a49d8052667d9e3bc1cb32915141fff, close {}]
Capabilities {acceptInsecureCerts: false, browserName: chrome, browserVersion: 131.0.6778.205, chrome: {chromedriverVersion: 131.0.6778.204 (52183f9e99a..., userDataDir: C:\Users\Admin\AppData\Loca...}, fedcm:accounts: true, goog:chromeOptions: {debuggerAddress: localhost:53886}, networkConnectionEnabled: false, pageLoadStrategy: normal, platformName: windows, proxy: Proxy(), se:cdp: ws://localhost:53886/devtoo..., se:cdpVersion: 131.0.6778.205, setWindowRect: true, strictFileInteractability: false, timeouts: {implicit: 0, pageLoad: 300000, script: 30000}, unhandledPromptBehavior: dismiss and notify, webauthn:extension:credBlob: true, webauthn:extension:largeBlob: true, webauthn:extension:minPinLength: true, webauthn:extension:prf: true, webauthn:virtualAuthenticators: true}
Session ID: 0a49d8052667d9e3bc1cb32915141fff">
      <![CDATA[org.openqa.selenium.WebDriverException: disconnected: not connected to DevTools
  (failed to check if window was closed: disconnected: not connected to DevTools)
  (Session info: chrome=131.0.6778.205)
Build info: version: '4.20.0', revision: '866c76ca80'
System info: os.name: 'Windows 10', os.arch: 'amd64', os.version: '10.0', java.version: '21.0.2'
Driver info: org.openqa.selenium.chrome.ChromeDriver
Command: [0a49d8052667d9e3bc1cb32915141fff, close {}]
Capabilities {acceptInsecureCerts: false, browserName: chrome, browserVersion: 131.0.6778.205, chrome: {chromedriverVersion: 131.0.6778.204 (52183f9e99a..., userDataDir: C:\Users\Admin\AppData\Loca...}, fedcm:accounts: true, goog:chromeOptions: {debuggerAddress: localhost:53886}, networkConnectionEnabled: false, pageLoadStrategy: normal, platformName: windows, proxy: Proxy(), se:cdp: ws://localhost:53886/devtoo..., se:cdpVersion: 131.0.6778.205, setWindowRect: true, strictFileInteractability: false, timeouts: {implicit: 0, pageLoad: 300000, script: 30000}, unhandledPromptBehavior: dismiss and notify, webauthn:extension:credBlob: true, webauthn:extension:largeBlob: true, webauthn:extension:minPinLength: true, webauthn:extension:prf: true, webauthn:virtualAuthenticators: true}
Session ID: 0a49d8052667d9e3bc1cb32915141fff
at org.openqa.selenium.remote.ErrorCodec.decode(ErrorCodec.java:167)
at org.openqa.selenium.remote.codec.w3c.W3CHttpResponseCodec.decode(W3CHttpResponseCodec.java:138)
at org.openqa.selenium.remote.codec.w3c.W3CHttpResponseCodec.decode(W3CHttpResponseCodec.java:50)
at org.openqa.selenium.remote.HttpCommandExecutor.execute(HttpCommandExecutor.java:190)
at org.openqa.selenium.remote.service.DriverCommandExecutor.invokeExecute(DriverCommandExecutor.java:216)
at org.openqa.selenium.remote.service.DriverCommandExecutor.execute(DriverCommandExecutor.java:174)
at org.openqa.selenium.remote.RemoteWebDriver.execute(RemoteWebDriver.java:518)
at org.openqa.selenium.remote.RemoteWebDriver.execute(RemoteWebDriver.java:591)
at org.openqa.selenium.remote.RemoteWebDriver.execute(RemoteWebDriver.java:595)
at org.openqa.selenium.remote.RemoteWebDriver.close(RemoteWebDriver.java:405)
at cloudinspot.cloudinspotfunctionalautomation.SeleniumTest.end(SeleniumTest.java:406)
at java.base/java.util.ArrayList.forEach(ArrayList.java:1596)
... Removed 38 stack frames]]>
    </failure>
  </testcase> <!-- @AfterMethod end -->
  <testcase classname="cloudinspot.cloudinspotfunctionalautomation.SeleniumTest" name="@BeforeMethod start" time="0.0">
    <skipped/>
  </testcase> <!-- @BeforeMethod start -->
  <testcase classname="cloudinspot.cloudinspotfunctionalautomation.SeleniumTest" name="@AfterMethod end" time="0.0">
    <skipped/>
  </testcase> <!-- @AfterMethod end -->
  <testcase classname="cloudinspot.cloudinspotfunctionalautomation.SeleniumTest" name="@BeforeMethod start" time="0.0">
    <skipped/>
  </testcase> <!-- @BeforeMethod start -->
  <testcase classname="cloudinspot.cloudinspotfunctionalautomation.SeleniumTest" name="@AfterMethod end" time="0.0">
    <skipped/>
  </testcase> <!-- @AfterMethod end -->
  <testcase classname="cloudinspot.cloudinspotfunctionalautomation.SeleniumTest" name="@BeforeMethod start" time="0.0">
    <skipped/>
  </testcase> <!-- @BeforeMethod start -->
  <testcase classname="cloudinspot.cloudinspotfunctionalautomation.SeleniumTest" name="@AfterMethod end" time="0.0">
    <skipped/>
  </testcase> <!-- @AfterMethod end -->
  <testcase classname="cloudinspot.cloudinspotfunctionalautomation.SeleniumTest" name="@BeforeMethod start" time="0.0">
    <skipped/>
  </testcase> <!-- @BeforeMethod start -->
  <testcase classname="cloudinspot.cloudinspotfunctionalautomation.SeleniumTest" name="@AfterMethod end" time="0.0">
    <skipped/>
  </testcase> <!-- @AfterMethod end -->
  <testcase classname="cloudinspot.cloudinspotfunctionalautomation.SeleniumTest" name="@BeforeMethod start" time="0.0">
    <skipped/>
  </testcase> <!-- @BeforeMethod start -->
  <testcase classname="cloudinspot.cloudinspotfunctionalautomation.SeleniumTest" name="@AfterMethod end" time="0.0">
    <skipped/>
  </testcase> <!-- @AfterMethod end -->
  <testcase classname="cloudinspot.cloudinspotfunctionalautomation.SeleniumTest" name="@BeforeMethod start" time="0.0">
    <skipped/>
  </testcase> <!-- @BeforeMethod start -->
  <testcase classname="cloudinspot.cloudinspotfunctionalautomation.SeleniumTest" name="@AfterMethod end" time="0.0">
    <skipped/>
  </testcase> <!-- @AfterMethod end -->
  <testcase classname="cloudinspot.cloudinspotfunctionalautomation.SeleniumTest" name="@BeforeMethod start" time="0.0">
    <skipped/>
  </testcase> <!-- @BeforeMethod start -->
  <testcase classname="cloudinspot.cloudinspotfunctionalautomation.SeleniumTest" name="@AfterMethod end" time="0.0">
    <skipped/>
  </testcase> <!-- @AfterMethod end -->
  <testcase classname="cloudinspot.cloudinspotfunctionalautomation.SeleniumTest" name="@BeforeMethod start" time="0.0">
    <skipped/>
  </testcase> <!-- @BeforeMethod start -->
  <testcase classname="cloudinspot.cloudinspotfunctionalautomation.SeleniumTest" name="@AfterMethod end" time="0.0">
    <skipped/>
  </testcase> <!-- @AfterMethod end -->
  <testcase classname="cloudinspot.cloudinspotfunctionalautomation.SeleniumTest" name="@BeforeMethod start" time="0.0">
    <skipped/>
  </testcase> <!-- @BeforeMethod start -->
  <testcase classname="cloudinspot.cloudinspotfunctionalautomation.SeleniumTest" name="@AfterMethod end" time="0.0">
    <skipped/>
  </testcase> <!-- @AfterMethod end -->
  <testcase classname="cloudinspot.cloudinspotfunctionalautomation.SeleniumTest" name="@BeforeMethod start" time="0.0">
    <skipped/>
  </testcase> <!-- @BeforeMethod start -->
  <testcase classname="cloudinspot.cloudinspotfunctionalautomation.SeleniumTest" name="@AfterMethod end" time="0.0">
    <skipped/>
  </testcase> <!-- @AfterMethod end -->
  <testcase classname="cloudinspot.cloudinspotfunctionalautomation.SeleniumTest" name="@BeforeMethod start" time="0.0">
    <skipped/>
  </testcase> <!-- @BeforeMethod start -->
  <testcase classname="cloudinspot.cloudinspotfunctionalautomation.SeleniumTest" name="@AfterMethod end" time="0.0">
    <skipped/>
  </testcase> <!-- @AfterMethod end -->
  <testcase classname="cloudinspot.cloudinspotfunctionalautomation.SeleniumTest" name="@BeforeMethod start" time="0.0">
    <skipped/>
  </testcase> <!-- @BeforeMethod start -->
  <testcase classname="cloudinspot.cloudinspotfunctionalautomation.SeleniumTest" name="@AfterMethod end" time="0.0">
    <skipped/>
  </testcase> <!-- @AfterMethod end -->
  <testcase classname="cloudinspot.cloudinspotfunctionalautomation.SeleniumTest" name="emptySignIn" time="16.29"/>
  <testcase classname="cloudinspot.cloudinspotfunctionalautomation.SeleniumTest" name="invalidOrgId1SignInTest" time="19.487"/>
  <testcase classname="cloudinspot.cloudinspotfunctionalautomation.SeleniumTest" name="emptyOrgId2SignInTest" time="0.0">
    <skipped/>
  </testcase> <!-- emptyOrgId2SignInTest -->
  <testcase classname="cloudinspot.cloudinspotfunctionalautomation.SeleniumTest" name="invalidemailwithouat1" time="0.0">
    <skipped/>
  </testcase> <!-- invalidemailwithouat1 -->
  <testcase classname="cloudinspot.cloudinspotfunctionalautomation.SeleniumTest" name="invalidemailwithouatdot" time="0.0">
    <skipped/>
  </testcase> <!-- invalidemailwithouatdot -->
  <testcase classname="cloudinspot.cloudinspotfunctionalautomation.SeleniumTest" name="invalidemailwithouatdotat" time="0.0">
    <skipped/>
  </testcase> <!-- invalidemailwithouatdotat -->
  <testcase classname="cloudinspot.cloudinspotfunctionalautomation.SeleniumTest" name="emptyEmail1SignInTest" time="0.0">
    <skipped/>
  </testcase> <!-- emptyEmail1SignInTest -->
  <testcase classname="cloudinspot.cloudinspotfunctionalautomation.SeleniumTest" name="emptyPasswordSignInTest" time="0.0">
    <skipped/>
  </testcase> <!-- emptyPasswordSignInTest -->
  <testcase classname="cloudinspot.cloudinspotfunctionalautomation.SeleniumTest" name="invalidPassword1SignInTest" time="0.0">
    <skipped/>
  </testcase> <!-- invalidPassword1SignInTest -->
  <testcase classname="cloudinspot.cloudinspotfunctionalautomation.SeleniumTest" name="validSignInTest" time="0.0">
    <skipped/>
  </testcase> <!-- validSignInTest -->
  <testcase classname="cloudinspot.cloudinspotfunctionalautomation.SeleniumTest" name="termsOfUse" time="0.001">
    <skipped/>
  </testcase> <!-- termsOfUse -->
  <testcase classname="cloudinspot.cloudinspotfunctionalautomation.SeleniumTest" name="MyProfile" time="0.0">
    <skipped/>
  </testcase> <!-- MyProfile -->
  <testcase classname="cloudinspot.cloudinspotfunctionalautomation.SeleniumTest" name="uploadProfilePic" time="0.0">
    <skipped/>
  </testcase> <!-- uploadProfilePic -->
  <testcase classname="cloudinspot.cloudinspotfunctionalautomation.SeleniumTest" name="removeProfilePic" time="0.0">
    <skipped/>
  </testcase> <!-- removeProfilePic -->
</testsuite> <!-- Surefire test -->
